<?xml version="1.0" encoding="UTF-8"?>
<!-- Generated by org.testng.reporters.JUnitReportReporter -->
<testsuite hostname="DESKTOP-PHREVUJ" failures="0" tests="5" name="E2EAcademy.expedia" time="204.036" errors="0" timestamp="09 Apr 2020 17:14:02 GMT" skipped="0">
  <testcase classname="E2EAcademy.expedia" name="expediaOrderDateAsc" time="110.702"/>
  <testcase classname="E2EAcademy.expedia" name="DummymethodforGit" time="0.016"/>
  <testcase classname="E2EAcademy.expedia" name="DummymethodforGit1" time="0.000"/>
  <testcase classname="E2EAcademy.expedia" name="DummymethodforGit2" time="0.000"/>
  <testcase classname="E2EAcademy.expedia" name="expediaOrderDateDesc" time="93.318"/>
</testsuite> <!-- E2EAcademy.expedia -->
