<?xml version="1.0" encoding="UTF-8"?>
<!-- Generated by org.testng.reporters.JUnitReportReporter -->
<testsuite hostname="DESKTOP-PHREVUJ" failures="0" tests="2" name="E2EAcademy.expedia" time="238.643" errors="0" timestamp="2020-03-19T19:49:48 CST" skipped="0">
  <testcase classname="E2EAcademy.expedia" name="expediaOrderDateAsc" time="103.020"/>
  <system-out/>
  <testcase classname="E2EAcademy.expedia" name="expediaOrderDateDesc" time="135.623"/>
  <system-out/>
</testsuite> <!-- E2EAcademy.expedia -->
